<?xml version="1.0" encoding="UTF-8"?>
<!-- Generated by org.testng.reporters.JUnitReportReporter -->
<testsuite skipped="0" hostname="SCS-R37" name="com.voyager.qa.testcases.LoginPageTest" tests="1" failures="0" timestamp="19 May 2020 16:53:10 GMT" time="23.602" errors="0">
  <testcase name="loginTest" time="23.602" classname="com.voyager.qa.testcases.LoginPageTest"/>
</testsuite> <!-- com.voyager.qa.testcases.LoginPageTest -->
