<?xml version="1.0" encoding="UTF-8"?>
<!-- Generated by org.testng.reporters.JUnitReportReporter -->
<testsuite skipped="0" hostname="SCS-R37" name="com.voyager.qa.testcases.HomePageTest" tests="1" failures="0" timestamp="23 Nov 2020 09:28:07 GMT" time="33.648" errors="0">
  <testcase name="clickonMemberlinkTest" time="33.648" classname="com.voyager.qa.testcases.HomePageTest"/>
</testsuite> <!-- com.voyager.qa.testcases.HomePageTest -->
